#
# There is insufficient memory for the Java Runtime Environment to continue.
# Native memory allocation (malloc) failed to allocate 1048576 bytes for AllocateHeap
# Possible reasons:
#   The system is out of physical RAM or swap space
#   The process is running with CompressedOops enabled, and the Java Heap may be blocking the growth of the native heap
# Possible solutions:
#   Reduce memory load on the system
#   Increase physical memory or swap space
#   Check if swap backing store is full
#   Decrease Java heap size (-Xmx/-Xms)
#   Decrease number of Java threads
#   Decrease Java thread stack sizes (-Xss)
#   Set larger code cache with -XX:ReservedCodeCacheSize=
#   JVM is running with Unscaled Compressed Oops mode in which the Java heap is
#     placed in the first 4GB address space. The Java Heap base address is the
#     maximum limit for the native heap growth. Please use -XX:HeapBaseMinAddress
#     to set the Java Heap base and to place the Java Heap above 4GB virtual address.
# This output file may be truncated or incomplete.
#
#  Out of Memory Error (memory/allocation.inline.hpp:61), pid=7768, tid=0x0000000000001a00
#
# JRE version:  (8.0_211-b12) (build )
# Java VM: Java HotSpot(TM) 64-Bit Server VM (25.211-b12 mixed mode windows-amd64 compressed oops)
# Failed to write core dump. Minidumps are not enabled by default on client versions of Windows
#

---------------  T H R E A D  ---------------

Current thread (0x0000000000c9e800):  JavaThread "Unknown thread" [_thread_in_vm, id=6656, stack(0x00000000024c0000,0x00000000025c0000)]

Stack: [0x00000000024c0000,0x00000000025c0000]
[error occurred during error reporting (printing stack bounds), id 0xc0000005]

Native frames: (J=compiled Java code, j=interpreted, Vv=VM code, C=native code)


---------------  P R O C E S S  ---------------

Java Threads: ( => current thread )

Other Threads:

=>0x0000000000c9e800 (exited) JavaThread "Unknown thread" [_thread_in_vm, id=6656, stack(0x00000000024c0000,0x00000000025c0000)]

VM state:not at safepoint (normal execution)

VM Mutex/Monitor currently owned by a thread: None

heap address: 0x00000000c1a00000, size: 998 MB, Compressed Oops mode: 32-bit
Narrow klass base: 0x0000000000000000, Narrow klass shift: 3
Compressed class space size: 1073741824 Address: 0x0000000100000000

Heap:
 PSYoungGen      total 18944K, used 327K [0x00000000eb380000, 0x00000000ec880000, 0x0000000100000000)
  eden space 16384K, 2% used [0x00000000eb380000,0x00000000eb3d1ec8,0x00000000ec380000)
  from space 2560K, 0% used [0x00000000ec600000,0x00000000ec600000,0x00000000ec880000)
  to   space 2560K, 0% used [0x00000000ec380000,0x00000000ec380000,0x00000000ec600000)
 ParOldGen       total 44032K, used 0K [0x00000000c1a00000, 0x00000000c4500000, 0x00000000eb380000)
  object space 44032K, 0% used [0x00000000c1a00000,0x00000000c1a00000,0x00000000c4500000)
 Metaspace       used 775K, capacity 4480K, committed 4480K, reserved 1056768K
  class space    used 76K, capacity 384K, committed 384K, reserved 1048576K

Card table byte_map: [0x0000000011b10000,0x0000000011d10000] byte_map_base: 0x0000000011503000

Marking Bits: (ParMarkBitMap*) 0x000000005a5e5ce0
 Begin Bits: [0x0000000012260000, 0x00000000131f8000)
 End Bits:   [0x00000000131f8000, 0x0000000014190000)

Polling page: 0x0000000000c80000

CodeCache: size=245760Kb used=328Kb max_used=328Kb free=245431Kb
 bounds [0x0000000002750000, 0x00000000029c0000, 0x0000000011750000]
 total_blobs=58 nmethods=0 adapters=38
 compilation: enabled

Compilation events (0 events):
No events

GC Heap History (0 events):
No events

Deoptimization events (0 events):
No events

Classes redefined (0 events):
No events

Internal exceptions (0 events):
No events

Events (10 events):
Event: 0.079 loading class java/lang/Short
Event: 0.081 loading class java/lang/Short done
Event: 0.081 loading class java/lang/Integer
Event: 0.081 loading class java/lang/Integer done
Event: 0.081 loading class java/lang/Long
Event: 0.082 loading class java/lang/Long done
Event: 0.083 loading class java/lang/NullPointerException
Event: 0.084 loading class java/lang/NullPointerException done
Event: 0.084 loading class java/lang/ArithmeticException
Event: 0.084 loading class java/lang/ArithmeticException done


Dynamic libraries:
0x00007ff6ff0f0000 - 0x00007ff6ff127000 	C:\Program Files\Java\jdk1.8.0_211\bin\javaw.exe
0x00007fff4d610000 - 0x00007fff4d7bd000 	C:\Windows\SYSTEM32\ntdll.dll
0x00007fff4c8b0000 - 0x00007fff4c9ef000 	C:\Windows\system32\KERNEL32.DLL
0x00007fff34e30000 - 0x00007fff34e42000 	C:\Program Files\AVAST Software\Avast\aswhook.dll
0x00007fff4a810000 - 0x00007fff4a926000 	C:\Windows\system32\KERNELBASE.dll
0x00007fff49300000 - 0x00007fff4938e000 	C:\Windows\system32\apphelp.dll
0x00007fff48820000 - 0x00007fff48875000 	C:\Windows\AppPatch\AppPatch64\AcGenral.DLL
0x00007fff4d1c0000 - 0x00007fff4d26a000 	C:\Windows\system32\msvcrt.dll
0x00007fff4a930000 - 0x00007fff4a95e000 	C:\Windows\system32\SspiCli.dll
0x00007fff4c6b0000 - 0x00007fff4c704000 	C:\Windows\system32\SHLWAPI.dll
0x00007fff4d270000 - 0x00007fff4d3e7000 	C:\Windows\system32\USER32.dll
0x00007fff4c320000 - 0x00007fff4c4b4000 	C:\Windows\system32\ole32.dll
0x00007fff4ade0000 - 0x00007fff4c30b000 	C:\Windows\system32\SHELL32.dll
0x00007fff49d00000 - 0x00007fff49d21000 	C:\Windows\SYSTEM32\USERENV.dll
0x00007fff4c7e0000 - 0x00007fff4c88a000 	C:\Windows\system32\ADVAPI32.dll
0x00007fff43540000 - 0x00007fff4355e000 	C:\Windows\SYSTEM32\MPR.dll
0x00007fff4aca0000 - 0x00007fff4ade0000 	C:\Windows\system32\RPCRT4.dll
0x00007fff4c4c0000 - 0x00007fff4c519000 	C:\Windows\SYSTEM32\sechost.dll
0x00007fff4cef0000 - 0x00007fff4d100000 	C:\Windows\SYSTEM32\combase.dll
0x00007fff4cda0000 - 0x00007fff4ceec000 	C:\Windows\system32\GDI32.dll
0x00007fff4a740000 - 0x00007fff4a755000 	C:\Windows\SYSTEM32\profapi.dll
0x00007fff48b10000 - 0x00007fff48bc2000 	C:\Windows\SYSTEM32\SHCORE.dll
0x00007fff4c670000 - 0x00007fff4c6a6000 	C:\Windows\system32\IMM32.DLL
0x00007fff4cc40000 - 0x00007fff4cd92000 	C:\Windows\system32\MSCTF.dll
0x00007fff484d0000 - 0x00007fff4874b000 	C:\Windows\WinSxS\amd64_microsoft.windows.common-controls_6595b64144ccf1df_6.0.9600.19394_none_62486577ecb635cf\COMCTL32.dll
0x000000005b860000 - 0x000000005b932000 	C:\Program Files\Java\jdk1.8.0_211\jre\bin\msvcr100.dll
0x0000000059dc0000 - 0x000000005a665000 	C:\Program Files\Java\jdk1.8.0_211\jre\bin\server\jvm.dll
0x00007fff43530000 - 0x00007fff43539000 	C:\Windows\SYSTEM32\WSOCK32.dll
0x00007fff3e5e0000 - 0x00007fff3e602000 	C:\Windows\SYSTEM32\WINMM.dll
0x00007fff42a40000 - 0x00007fff42a4a000 	C:\Windows\SYSTEM32\VERSION.dll
0x00007fff4c600000 - 0x00007fff4c607000 	C:\Windows\system32\PSAPI.DLL
0x00007fff4c610000 - 0x00007fff4c66a000 	C:\Windows\system32\WS2_32.dll
0x00007fff3e5b0000 - 0x00007fff3e5da000 	C:\Windows\SYSTEM32\WINMMBASE.dll
0x00007fff4c310000 - 0x00007fff4c319000 	C:\Windows\system32\NSI.dll
0x00007fff4abf0000 - 0x00007fff4ac3f000 	C:\Windows\SYSTEM32\cfgmgr32.dll
0x00007fff49550000 - 0x00007fff49578000 	C:\Windows\SYSTEM32\DEVOBJ.dll
0x00007fff487f0000 - 0x00007fff487ff000 	C:\Program Files\Java\jdk1.8.0_211\jre\bin\verify.dll
0x00007fff44d10000 - 0x00007fff44d39000 	C:\Program Files\Java\jdk1.8.0_211\jre\bin\java.dll
0x00007fff46dc0000 - 0x00007fff46dd6000 	C:\Program Files\Java\jdk1.8.0_211\jre\bin\zip.dll

VM Arguments:
jvm_args: -Dfile.encoding=UTF-8 
java_command: com.datageeks.dao.NativeSql.App
java_class_path (initial): F:\mavenPraject\Lee-Hibernet-Repo\NativeSql\target\classes;C:\Users\i love you\.m2\repository\org\hibernate\hibernate-core\5.4.0.Final\hibernate-core-5.4.0.Final.jar;C:\Users\i love you\.m2\repository\org\jboss\logging\jboss-logging\3.3.2.Final\jboss-logging-3.3.2.Final.jar;C:\Users\i love you\.m2\repository\javax\persistence\javax.persistence-api\2.2\javax.persistence-api-2.2.jar;C:\Users\i love you\.m2\repository\org\javassist\javassist\3.24.0-GA\javassist-3.24.0-GA.jar;C:\Users\i love you\.m2\repository\net\bytebuddy\byte-buddy\1.9.5\byte-buddy-1.9.5.jar;C:\Users\i love you\.m2\repository\antlr\antlr\2.7.7\antlr-2.7.7.jar;C:\Users\i love you\.m2\repository\org\jboss\spec\javax\transaction\jboss-transaction-api_1.2_spec\1.1.1.Final\jboss-transaction-api_1.2_spec-1.1.1.Final.jar;C:\Users\i love you\.m2\repository\org\jboss\jandex\2.0.5.Final\jandex-2.0.5.Final.jar;C:\Users\i love you\.m2\repository\com\fasterxml\classmate\1.3.4\classmate-1.3.4.jar;C:\Users\i love you\.m2\repository\javax\activation\javax.activation-api\1.2.0\javax.activation-api-1.2.0.jar;C:\Users\i love you\.m2\repository\org\dom4j\dom4j\2.1.1\dom4j-2.1.1.jar;C:\Users\i love you\.m2\repository\org\hibernate\common\hibernate-commons-annotations\5.1.0.Final\hibernate-commons-annotations-5.1.0.Final.jar;C:\Users\i love you\.m2\repository\javax\xml\bind\jaxb-api\2.3.1\jaxb-api-2.3.1.jar;C:\Users\i love you\.m2\repository\org\glassfish\jaxb\jaxb-runtime\2.3.1\jaxb-runtime-2.3.1.jar;C:\Users\i love you\.m2\repository\org\glassfish\jaxb\txw2\2.3.1\txw2-2.3.1.jar;C:\Users\i love you\.m2\repository\com\sun\istack\istack-commons-runtime\3.0.7\istack-commons-runtime-3.0.7.jar;C:\Users\i love you\.m2\repository\org\jvnet\staxex\stax-ex\1.8\stax-ex-1.8.jar;C:\Users\i love you\.m2\repository\com\sun\xml\fastinfoset\FastInfoset\1.2.15\FastInfoset-1.2.15.jar;C:\Users\i love you\.m2\repository\oracle\ojdbc6\11.2.0.3\ojdbc6-11.2.0.3.jar
Launcher Type: SUN_STANDARD

Environment Variables:
JAVA_HOME=C:\Program Files\Java\jdk1.8.0_211
PATH=C:/Program Files/Java/jre1.8.0_211/bin/server;C:/Program Files/Java/jre1.8.0_211/bin;C:/Program Files/Java/jre1.8.0_211/lib/amd64;C:\oraclexe\app\oracle\product\11.2.0\server\bin;C:\Program Files (x86)\Common Files\Oracle\Java\javapath;C:\Program Files\Java\jdk1.8.0_161\bin;F:\Saikalyan\cmd;C:\Program Files\Java\jdk1.8.0_211\binF:\apache-maven-3.6.1\bin;F:\eclipse;
USERNAME=i love you
OS=Windows_NT
PROCESSOR_IDENTIFIER=Intel64 Family 6 Model 58 Stepping 9, GenuineIntel



---------------  S Y S T E M  ---------------

OS: Windows 8.1 , 64 bit Build 9600 (6.3.9600.19358)

CPU:total 4 (initial active 4) (2 cores per cpu, 2 threads per core) family 6 model 58 stepping 9, cmov, cx8, fxsr, mmx, sse, sse2, sse3, ssse3, sse4.1, sse4.2, popcnt, avx, clmul, erms, ht, tsc, tscinvbit, tscinv

Memory: 4k page, physical 4084072k(461572k free), swap 16666984k(5380k free)

vm_info: Java HotSpot(TM) 64-Bit Server VM (25.211-b12) for windows-amd64 JRE (1.8.0_211-b12), built on Apr  1 2019 20:53:26 by "java_re" with MS VC++ 10.0 (VS2010)

time: Thu Sep 12 08:13:20 2019
timezone: India Standard Time
elapsed time: 0 seconds (0d 0h 0m 0s)

